1624639725992	geckodriver	INFO	Listening on 127.0.0.1:33529
1624639726009	mozrunner::runner	INFO	Running command: "/usr/bin/firefox" "--marionette" "-foreground" "-no-remote" "-profile" "/tmp/rust_mozprofileEQIWQ2"
_IceTransSocketUNIXConnect: Cannot connect to non-local host aeuaehaue
_IceTransSocketUNIXConnect: Cannot connect to non-local host aeuaehaue
1624639729053	Marionette	INFO	Marionette enabled
console.warn: SearchSettings: "get: No settings file exists, new profile?" (new NotFoundError("Could not open the file at /tmp/rust_mozprofileEQIWQ2/search.json.mozlz4", (void 0)))
1624639736169	Marionette	INFO	Listening on port 42413
1624639736232	Marionette	WARN	TLS certificate errors will be ignored for this session
1624639737157	Marionette	WARN	Ignoring event 'DOMContentLoaded' because document has an invalid readyState of 'complete'.
JavaScript error: https://ads.pubmatic.com/AdServer/js/user_sync.html?predirect=https%3A%2F%2Frtb.gumgum.com%2Fusersync%3Fb%3Dpbm%26i%3D&gdpr=&gdprConsent=, line 1: ReferenceError: CommonMeta is not defined
JavaScript error: https://ads.pubmatic.com/AdServer/js/user_sync.html?p=156011&s=165626&predirect=https%3A%2F%2Fs.amazon-adsystem.com%2Fecm3%3Fid%3DPM_UID%26ex%3Dpubmatic.com&userIdMacro=PM_UID, line 1: ReferenceError: CommonMeta is not defined
JavaScript error: https://ads.pubmatic.com/AdServer/js/user_sync.html?kdntuid=1&p=156983, line 1: ReferenceError: CommonMeta is not defined
JavaScript error: , line 0: TypeError: NetworkError when attempting to fetch resource.
JavaScript error: , line 0: TypeError: NetworkError when attempting to fetch resource.
1624639798305	Marionette	WARN	Ignoring event 'DOMContentLoaded' because document has an invalid readyState of 'loading'.
JavaScript error: , line 0: TypeError: NetworkError when attempting to fetch resource.
JavaScript error: , line 0: TypeError: NetworkError when attempting to fetch resource.
JavaScript error: chrome://global/content/elements/browser-custom-element.js, line 1659: Error: permitUnload is already running for this tab.
JavaScript error: chrome://browser/content/browser.js, line 7866: uncaught exception: undefined
JavaScript error: , line 0: TypeError: NetworkError when attempting to fetch resource.
JavaScript error: , line 0: TypeError: NetworkError when attempting to fetch resource.
JavaScript error: , line 0: TypeError: NetworkError when attempting to fetch resource.
JavaScript error: , line 0: TypeError: NetworkError when attempting to fetch resource.
JavaScript error: , line 0: TypeError: NetworkError when attempting to fetch resource.
JavaScript error: , line 0: TypeError: NetworkError when attempting to fetch resource.
Exiting due to channel error.
1624640063351	geckodriver	INFO	Listening on 127.0.0.1:49069
1624640063367	mozrunner::runner	INFO	Running command: "/usr/bin/firefox" "--marionette" "-foreground" "-no-remote" "-profile" "/tmp/rust_mozprofileGperX3"
_IceTransSocketUNIXConnect: Cannot connect to non-local host aeuaehaue
_IceTransSocketUNIXConnect: Cannot connect to non-local host aeuaehaue
1624640066290	Marionette	INFO	Marionette enabled
console.warn: SearchSettings: "get: No settings file exists, new profile?" (new NotFoundError("Could not open the file at /tmp/rust_mozprofileGperX3/search.json.mozlz4", (void 0)))
1624640073156	Marionette	INFO	Listening on port 39235
1624640073273	Marionette	WARN	TLS certificate errors will be ignored for this session
1624640074422	Marionette	WARN	Ignoring event 'DOMContentLoaded' because document has an invalid readyState of 'complete'.
JavaScript error: , line 0: TypeError: NetworkError when attempting to fetch resource.
JavaScript error: , line 0: TypeError: NetworkError when attempting to fetch resource.
Exiting due to channel error.
Exiting due to channel error.
1624640143548	geckodriver	INFO	Listening on 127.0.0.1:38685
1624640143562	mozrunner::runner	INFO	Running command: "/usr/bin/firefox" "--marionette" "-foreground" "-no-remote" "-profile" "/tmp/rust_mozprofilefTbxnT"
_IceTransSocketUNIXConnect: Cannot connect to non-local host aeuaehaue
_IceTransSocketUNIXConnect: Cannot connect to non-local host aeuaehaue
1624640146274	Marionette	INFO	Marionette enabled
console.warn: SearchSettings: "get: No settings file exists, new profile?" (new NotFoundError("Could not open the file at /tmp/rust_mozprofilefTbxnT/search.json.mozlz4", (void 0)))
1624640154394	Marionette	INFO	Listening on port 36215
1624640154473	Marionette	WARN	TLS certificate errors will be ignored for this session
JavaScript error: , line 0: NotFoundError: No such JSWindowActor 'MarionetteEvents'
console.log: WebExtensions: reset-default-search: starting.
console.log: WebExtensions: reset-default-search: No addons in our list are installed.
1624644730221	Marionette	INFO	Stopped listening on port 36215
1625149657839	geckodriver	INFO	Listening on 127.0.0.1:52319
1625149658816	mozrunner::runner	INFO	Running command: "/usr/bin/firefox" "--marionette" "-foreground" "-no-remote" "-profile" "/tmp/rust_mozprofileqDrMza"
1625149670557	Marionette	INFO	Marionette enabled
console.warn: SearchSettings: "get: No settings file exists, new profile?" (new NotFoundError("Could not open the file at /tmp/rust_mozprofileqDrMza/search.json.mozlz4", (void 0)))
1625149684994	Marionette	INFO	Listening on port 37517
1625149685335	Marionette	WARN	TLS certificate errors will be ignored for this session
1625149686404	Marionette	WARN	Ignoring event 'DOMContentLoaded' because document has an invalid readyState of 'complete'.
JavaScript error: https://ads.pubmatic.com/AdServer/js/user_sync.html?p=156011&s=165626&predirect=https%3A%2F%2Fs.amazon-adsystem.com%2Fecm3%3Fid%3DPM_UID%26ex%3Dpubmatic.com&userIdMacro=PM_UID, line 1: ReferenceError: CommonMeta is not defined
JavaScript error: , line 0: TypeError: NetworkError when attempting to fetch resource.
JavaScript error: , line 0: TypeError: NetworkError when attempting to fetch resource.
Exiting due to channel error.
Exiting due to channel error.
Exiting due to channel error.
1625149805487	geckodriver	INFO	Listening on 127.0.0.1:46209
1625149805503	mozrunner::runner	INFO	Running command: "/usr/bin/firefox" "--marionette" "-foreground" "-no-remote" "-profile" "/tmp/rust_mozprofileVHA5Im"
1625149808827	Marionette	INFO	Marionette enabled
console.warn: SearchSettings: "get: No settings file exists, new profile?" (new NotFoundError("Could not open the file at /tmp/rust_mozprofileVHA5Im/search.json.mozlz4", (void 0)))
1625149816375	Marionette	INFO	Listening on port 33493
1625149816507	Marionette	WARN	TLS certificate errors will be ignored for this session
1625149817309	Marionette	WARN	Ignoring event 'DOMContentLoaded' because document has an invalid readyState of 'complete'.
JavaScript error: https://ads.pubmatic.com/AdServer/js/user_sync.html?p=156011&s=165626&predirect=https%3A%2F%2Fs.amazon-adsystem.com%2Fecm3%3Fid%3DPM_UID%26ex%3Dpubmatic.com&userIdMacro=PM_UID, line 1: ReferenceError: CommonMeta is not defined
1625149862362	Marionette	WARN	Ignoring event 'pageshow' because document has an invalid readyState of 'uninitialized'.
JavaScript error: , line 0: TypeError: NetworkError when attempting to fetch resource.
JavaScript error: , line 0: TypeError: NetworkError when attempting to fetch resource.
JavaScript error: , line 0: TypeError: NetworkError when attempting to fetch resource.
1625149979231	Marionette	WARN	Ignoring event 'DOMContentLoaded' because document has an invalid readyState of 'loading'.
JavaScript error: , line 0: TypeError: NetworkError when attempting to fetch resource.
1625150040844	Marionette	WARN	Ignoring event 'DOMContentLoaded' because document has an invalid readyState of 'loading'.
JavaScript error: chrome://global/content/elements/browser-custom-element.js, line 1659: Error: permitUnload is already running for this tab.
JavaScript error: chrome://browser/content/browser.js, line 7866: uncaught exception: undefined
JavaScript error: , line 0: TypeError: NetworkError when attempting to fetch resource.
JavaScript error: , line 0: TypeError: NetworkError when attempting to fetch resource.
JavaScript error: , line 0: TypeError: NetworkError when attempting to fetch resource.
JavaScript error: , line 0: TypeError: NetworkError when attempting to fetch resource.
JavaScript error: , line 0: TypeError: NetworkError when attempting to fetch resource.
JavaScript error: , line 0: TypeError: NetworkError when attempting to fetch resource.
JavaScript error: , line 0: TypeError: NetworkError when attempting to fetch resource.
JavaScript error: , line 0: TypeError: NetworkError when attempting to fetch resource.
JavaScript error: , line 0: TypeError: NetworkError when attempting to fetch resource.
JavaScript error: , line 0: TypeError: NetworkError when attempting to fetch resource.
JavaScript error: , line 0: TypeError: NetworkError when attempting to fetch resource.
JavaScript error: , line 0: TypeError: NetworkError when attempting to fetch resource.
1625150174265	Marionette	INFO	Stopped listening on port 33493
1625333094137	geckodriver	INFO	Listening on 127.0.0.1:53425
1625333095178	mozrunner::runner	INFO	Running command: "/usr/bin/firefox" "--marionette" "-foreground" "-no-remote" "-profile" "/tmp/rust_mozprofileMVIFLS"
1625333120668	Marionette	INFO	Marionette enabled
console.warn: SearchSettings: "get: No settings file exists, new profile?" (new NotFoundError("Could not open the file at /tmp/rust_mozprofileMVIFLS/search.json.mozlz4", (void 0)))
1625333136791	Marionette	INFO	Listening on port 33757
1625333137151	Marionette	WARN	TLS certificate errors will be ignored for this session
1625333138222	Marionette	WARN	Ignoring event 'DOMContentLoaded' because document has an invalid readyState of 'complete'.
JavaScript error: https://ads.pubmatic.com/AdServer/js/user_sync.html?p=156011&s=165626&predirect=https%3A%2F%2Fs.amazon-adsystem.com%2Fecm3%3Fid%3DPM_UID%26ex%3Dpubmatic.com&userIdMacro=PM_UID, line 1: ReferenceError: CommonMeta is not defined
JavaScript error: , line 0: TypeError: NetworkError when attempting to fetch resource.
JavaScript error: , line 0: TypeError: NetworkError when attempting to fetch resource.
1625333242122	Marionette	WARN	Ignoring event 'pageshow' because document has an invalid readyState of 'uninitialized'.
1625333242131	Marionette	WARN	Ignoring event 'pageshow' because document has an invalid readyState of 'uninitialized'.
1625333242139	Marionette	WARN	Ignoring event 'pageshow' because document has an invalid readyState of 'uninitialized'.
JavaScript error: , line 0: TypeError: NetworkError when attempting to fetch resource.
JavaScript error: , line 0: TypeError: NetworkError when attempting to fetch resource.
1625333280081	Marionette	WARN	Ignoring event 'DOMContentLoaded' because document has an invalid readyState of 'loading'.
JavaScript error: , line 0: TypeError: NetworkError when attempting to fetch resource.
JavaScript error: , line 0: TypeError: NetworkError when attempting to fetch resource.
JavaScript error: , line 0: TypeError: NetworkError when attempting to fetch resource.
1625333326805	Marionette	WARN	Ignoring event 'DOMContentLoaded' because document has an invalid readyState of 'loading'.
1625333327096	Marionette	WARN	Ignoring event 'DOMContentLoaded' because document has an invalid readyState of 'loading'.
1625333327101	Marionette	WARN	Ignoring event 'DOMContentLoaded' because document has an invalid readyState of 'loading'.
1625333327103	Marionette	WARN	Ignoring event 'DOMContentLoaded' because document has an invalid readyState of 'loading'.
1625333327111	Marionette	WARN	Ignoring event 'DOMContentLoaded' because document has an invalid readyState of 'loading'.
1625333327116	Marionette	WARN	Ignoring event 'DOMContentLoaded' because document has an invalid readyState of 'loading'.
1625333327118	Marionette	WARN	Ignoring event 'DOMContentLoaded' because document has an invalid readyState of 'loading'.
1625333327158	Marionette	WARN	Ignoring event 'DOMContentLoaded' because document has an invalid readyState of 'loading'.
JavaScript error: , line 0: TypeError: NetworkError when attempting to fetch resource.
1625333424884	Marionette	WARN	Ignoring event 'DOMContentLoaded' because document has an invalid readyState of 'loading'.
1625333444367	Marionette	WARN	Ignoring event 'DOMContentLoaded' because document has an invalid readyState of 'loading'.
1625333445763	Marionette	WARN	Ignoring event 'DOMContentLoaded' because document has an invalid readyState of 'loading'.
Exiting due to channel error.
Exiting due to channel error.
Exiting due to channel error.
1625333511988	geckodriver	INFO	Listening on 127.0.0.1:35697
1625333512880	mozrunner::runner	INFO	Running command: "/usr/bin/firefox" "--marionette" "-foreground" "-no-remote" "-profile" "/tmp/rust_mozprofileIYiUiY"
1625333535563	Marionette	INFO	Marionette enabled
console.warn: SearchSettings: "get: No settings file exists, new profile?" (new NotFoundError("Could not open the file at /tmp/rust_mozprofileIYiUiY/search.json.mozlz4", (void 0)))
console.error: Region.jsm: "Error fetching region" (new Error("TIMEOUT", "resource://gre/modules/Region.jsm", 772))
console.error: Region.jsm: "Failed to fetch region" (new Error("TIMEOUT", "resource://gre/modules/Region.jsm", 419))
1625333563126	Marionette	INFO	Listening on port 36501
1625333563877	Marionette	WARN	TLS certificate errors will be ignored for this session
1625333640815	Marionette	INFO	Stopped listening on port 36501
